<?xml version="1.0" encoding="UTF-8"?>
<testng-results skipped="0" failed="0" ignored="0" total="1" passed="1">
  <reporter-output>
  </reporter-output>
  <suite name="FunctionalSuite" duration-ms="33207" started-at="2021-01-06T17:54:01 CST" finished-at="2021-01-06T17:54:34 CST">
    <groups>
    </groups>
    <test name="Functional" duration-ms="33207" started-at="2021-01-06T17:54:01 CST" finished-at="2021-01-06T17:54:34 CST">
      <class name="TestCases.SearchProperties">
        <test-method status="PASS" signature="InitializeDependencies()[pri:0, instance:TestCases.SearchProperties@3e57cd70]" name="InitializeDependencies" is-config="true" duration-ms="6025" started-at="2021-01-06T17:54:01 CST" finished-at="2021-01-06T17:54:07 CST">
          <reporter-output>
          </reporter-output>
        </test-method> <!-- InitializeDependencies -->
        <test-method status="PASS" signature="setUp()[pri:0, instance:TestCases.SearchProperties@3e57cd70]" name="setUp" is-config="true" duration-ms="22" started-at="2021-01-06T17:54:07 CST" finished-at="2021-01-06T17:54:07 CST">
          <reporter-output>
          </reporter-output>
        </test-method> <!-- setUp -->
        <test-method status="PASS" signature="searchPropertyTC(java.lang.String, java.lang.String)[pri:0, instance:TestCases.SearchProperties@3e57cd70]" name="searchPropertyTC" duration-ms="25736" started-at="2021-01-06T17:54:07 CST" data-provider="DataInput" finished-at="2021-01-06T17:54:33 CST">
          <params>
            <param index="0">
              <value>
                <![CDATA[London]]>
              </value>
            </param>
            <param index="1">
              <value>
                <![CDATA[Panther International Properties]]>
              </value>
            </param>
          </params>
          <reporter-output>
          </reporter-output>
        </test-method> <!-- searchPropertyTC -->
        <test-method status="PASS" signature="ShuttingDownAllDependencies()[pri:0, instance:TestCases.SearchProperties@3e57cd70]" name="ShuttingDownAllDependencies" is-config="true" duration-ms="1055" started-at="2021-01-06T17:54:33 CST" finished-at="2021-01-06T17:54:34 CST">
          <reporter-output>
          </reporter-output>
        </test-method> <!-- ShuttingDownAllDependencies -->
      </class> <!-- TestCases.SearchProperties -->
    </test> <!-- Functional -->
  </suite> <!-- FunctionalSuite -->
</testng-results>
