<?xml version="1.0" encoding="UTF-8"?>
<!-- Generated by org.testng.reporters.JUnitXMLReporter -->
<testsuite hostname="DESKTOP-9L91LNU" ignored="0" tests="4" failures="0" timestamp="2020-12-29T02:08:39 CST" time="4.006" errors="0">
  <testcase name="verifyTeslaBlue" time="2.709" classname="RentalCarsAPI"/>
  <testcase name="getCarswithLowPrice" time="0.272" classname="RentalCarsAPI"/>
  <testcase name="getCarswithDiscountLowPrice" time="0.384" classname="RentalCarsAPI"/>
  <testcase name="highestProfitCar" time="0.584" classname="RentalCarsAPI"/>
</testsuite>
