<?xml version="1.0" encoding="UTF-8"?>
<testng-results skipped="0" failed="0" total="1" passed="1">
  <reporter-output>
  </reporter-output>
  <suite name="Default suite" duration-ms="124106" started-at="2020-12-29T00:57:00Z" finished-at="2020-12-29T00:59:04Z">
    <groups>
      <group name="cucumber">
        <method signature="AbstractTestNGCucumberTests.feature(cucumber.api.testng.CucumberFeatureWrapper)[pri:0, instance:Runnerfile.Runnerfile@402e37bc]" name="feature" class="cucumber.api.testng.AbstractTestNGCucumberTests"/>
      </group> <!-- cucumber -->
    </groups>
    <test name="Default test" duration-ms="124106" started-at="2020-12-29T00:57:00Z" finished-at="2020-12-29T00:59:04Z">
      <class name="Runnerfile.Runnerfile">
        <test-method status="PASS" signature="setUpClass()[pri:0, instance:Runnerfile.Runnerfile@402e37bc]" name="setUpClass" is-config="true" duration-ms="148" started-at="2020-12-28T18:57:00Z" finished-at="2020-12-28T18:57:00Z">
          <reporter-output>
          </reporter-output>
        </test-method> <!-- setUpClass -->
        <test-method status="PASS" signature="feature(cucumber.api.testng.CucumberFeatureWrapper)[pri:0, instance:Runnerfile.Runnerfile@402e37bc]" name="feature" duration-ms="123819" started-at="2020-12-28T18:57:00Z" description="Runs Cucumber Feature" data-provider="features" finished-at="2020-12-28T18:59:04Z">
          <params>
            <param index="0">
              <value>
                <![CDATA[Redfin Application]]>
              </value>
            </param>
          </params>
          <reporter-output>
          </reporter-output>
        </test-method> <!-- feature -->
        <test-method status="PASS" signature="tearDownClass()[pri:0, instance:Runnerfile.Runnerfile@402e37bc]" name="tearDownClass" is-config="true" duration-ms="71" started-at="2020-12-28T18:59:04Z" finished-at="2020-12-28T18:59:04Z">
          <reporter-output>
          </reporter-output>
        </test-method> <!-- tearDownClass -->
      </class> <!-- Runnerfile.Runnerfile -->
    </test> <!-- Default test -->
  </suite> <!-- Default suite -->
</testng-results>
